0 info it worked if it ends with ok
1 verbose cli [ 'C:\\Program Files\\nodejs\\node.exe',
1 verbose cli   'C:\\Program Files\\nodejs\\node_modules\\npm\\bin\\npm-cli.js',
1 verbose cli   'publish' ]
2 info using npm@4.1.2
3 info using node@v7.7.4
4 verbose publish [ '.' ]
5 silly cache add args [ '.', null ]
6 verbose cache add spec .
7 silly cache add parsed spec Result {
7 silly cache add   raw: '.',
7 silly cache add   scope: null,
7 silly cache add   escapedName: null,
7 silly cache add   name: null,
7 silly cache add   rawSpec: '.',
7 silly cache add   spec: 'C:\\Users\\Jonathon\\Dropbox (Personal)\\Node\\SchemaFree',
7 silly cache add   type: 'directory' }
8 verbose addLocalDirectory C:\Users\Jonathon\AppData\Roaming\npm-cache\schemafree\0.0.1\package.tgz not in flight; packing
9 verbose correctMkdir C:\Users\Jonathon\AppData\Roaming\npm-cache correctMkdir not in flight; initializing
10 info lifecycle schemafree@0.0.1~prepublish: schemafree@0.0.1
11 silly lifecycle schemafree@0.0.1~prepublish: no script for prepublish, continuing
12 info lifecycle schemafree@0.0.1~prepare: schemafree@0.0.1
13 silly lifecycle schemafree@0.0.1~prepare: no script for prepare, continuing
14 verbose tar pack [ 'C:\\Users\\Jonathon\\AppData\\Roaming\\npm-cache\\schemafree\\0.0.1\\package.tgz',
14 verbose tar pack   'C:\\Users\\Jonathon\\Dropbox (Personal)\\Node\\SchemaFree' ]
15 verbose tarball C:\Users\Jonathon\AppData\Roaming\npm-cache\schemafree\0.0.1\package.tgz
16 verbose folder C:\Users\Jonathon\Dropbox (Personal)\Node\SchemaFree
17 verbose addLocalTarball adding from inside cache C:\Users\Jonathon\AppData\Roaming\npm-cache\schemafree\0.0.1\package.tgz
18 verbose correctMkdir C:\Users\Jonathon\AppData\Roaming\npm-cache correctMkdir not in flight; initializing
19 silly cache afterAdd schemafree@0.0.1
20 verbose afterAdd C:\Users\Jonathon\AppData\Roaming\npm-cache\schemafree\0.0.1\package\package.json not in flight; writing
21 verbose correctMkdir C:\Users\Jonathon\AppData\Roaming\npm-cache correctMkdir not in flight; initializing
22 verbose afterAdd C:\Users\Jonathon\AppData\Roaming\npm-cache\schemafree\0.0.1\package\package.json written
23 silly publish { name: 'schemafree',
23 silly publish   version: '0.0.1',
23 silly publish   tags: [ 'graph', 'database', 'sql', 'embedded' ],
23 silly publish   description: 'Embedded Schema-Free Multi Modal Database. Built to illustrate an idea. Very alpha.',
23 silly publish   main: 'index.js',
23 silly publish   scripts: { test: 'echo "Error: no test specified" && exit 1' },
23 silly publish   author: { name: 'm1sta' },
23 silly publish   license: 'ISC',
23 silly publish   dependencies:
23 silly publish    { alasql: '^0.3.9',
23 silly publish      'easy-table': '^1.0.0',
23 silly publish      level: '^1.6.0',
23 silly publish      shortid: '^2.2.8',
23 silly publish      'then-levelup': '^1.0.2' },
23 silly publish   readme: '# SchemaFree\r\n\r\nAn embedded, schema-free, multi-modal database for node.js. Supports graph queries and sql queries. Persistence uses Google\'s leveldb. See sample.js for more information. Built for discussion purposes.\r\n\r\n## Getting Started\r\n1. `npm install schemafree`\r\n2. `let db = require(\'schemafree\')()`\r\n3. Review `sample.js` for a quick demo and to check everything is working\r\n\r\n## Api\r\n\r\nThe api is very short. The source is very short too. At this stage the best place to learn about the package is via sample.js.\r\n\r\n- `db.set` to store a entity in the database\r\n- `db.unset` to remove a entity from the database\r\n- `db.link` to link two entities\r\n- `db.unlink` to unlink two entities\r\n- `db.query` to run a sql query against the database\r\n- `db.walk` to run a graph traversal\r\n',
23 silly publish   readmeFilename: 'README.md',
23 silly publish   gitHead: '951aa4272b7fbdcad339a5988fd0bc7a149ac7c6',
23 silly publish   _id: 'schemafree@0.0.1',
23 silly publish   _shasum: '2b24e5f629b9edbe6bb7e914edc25de09465de47',
23 silly publish   _from: '.' }
24 info lifecycle schemafree@0.0.1~prepublishOnly: schemafree@0.0.1
25 silly lifecycle schemafree@0.0.1~prepublishOnly: no script for prepublishOnly, continuing
26 verbose getPublishConfig undefined
27 silly mapToRegistry name schemafree
28 silly mapToRegistry using default registry
29 silly mapToRegistry registry https://registry.npmjs.org/
30 silly mapToRegistry data Result {
30 silly mapToRegistry   raw: 'schemafree',
30 silly mapToRegistry   scope: null,
30 silly mapToRegistry   escapedName: 'schemafree',
30 silly mapToRegistry   name: 'schemafree',
30 silly mapToRegistry   rawSpec: '',
30 silly mapToRegistry   spec: 'latest',
30 silly mapToRegistry   type: 'tag' }
31 silly mapToRegistry uri https://registry.npmjs.org/schemafree
32 verbose publish registryBase https://registry.npmjs.org/
33 silly publish uploading C:\Users\Jonathon\AppData\Roaming\npm-cache\schemafree\0.0.1\package.tgz
34 verbose request uri https://registry.npmjs.org/schemafree
35 verbose request sending authorization for write operation
36 info attempt registry request try #1 at 10:27:07 PM
37 verbose request using bearer token for auth
38 verbose request id 7f9e6e720c594414
39 http request PUT https://registry.npmjs.org/schemafree
40 http 403 https://registry.npmjs.org/schemafree
41 verbose headers { 'content-type': 'application/json',
41 verbose headers   'cache-control': 'max-age=300',
41 verbose headers   'content-length': '95',
41 verbose headers   'accept-ranges': 'bytes',
41 verbose headers   date: 'Tue, 28 Mar 2017 11:27:02 GMT',
41 verbose headers   via: '1.1 varnish',
41 verbose headers   connection: 'keep-alive',
41 verbose headers   'x-served-by': 'cache-syd1624-SYD',
41 verbose headers   'x-cache': 'MISS',
41 verbose headers   'x-cache-hits': '0',
41 verbose headers   'x-timer': 'S1490700422.105536,VS0,VE703',
41 verbose headers   vary: 'Accept-Encoding' }
42 verbose request invalidating C:\Users\Jonathon\AppData\Roaming\npm-cache\registry.npmjs.org\schemafree on PUT
43 error publish Failed PUT 403
44 verbose stack Error: "You cannot publish over the previously published version 0.0.1." : schemafree
44 verbose stack     at makeError (C:\Program Files\nodejs\node_modules\npm\node_modules\npm-registry-client\lib\request.js:304:12)
44 verbose stack     at CachingRegistryClient.<anonymous> (C:\Program Files\nodejs\node_modules\npm\node_modules\npm-registry-client\lib\request.js:292:14)
44 verbose stack     at Request._callback (C:\Program Files\nodejs\node_modules\npm\node_modules\npm-registry-client\lib\request.js:212:14)
44 verbose stack     at Request.self.callback (C:\Program Files\nodejs\node_modules\npm\node_modules\request\request.js:186:22)
44 verbose stack     at emitTwo (events.js:106:13)
44 verbose stack     at Request.emit (events.js:194:7)
44 verbose stack     at Request.<anonymous> (C:\Program Files\nodejs\node_modules\npm\node_modules\request\request.js:1081:10)
44 verbose stack     at emitOne (events.js:96:13)
44 verbose stack     at Request.emit (events.js:191:7)
44 verbose stack     at IncomingMessage.<anonymous> (C:\Program Files\nodejs\node_modules\npm\node_modules\request\request.js:1001:12)
45 verbose statusCode 403
46 verbose pkgid schemafree
47 verbose cwd C:\Users\Jonathon\Dropbox (Personal)\Node\SchemaFree
48 error Windows_NT 10.0.14393
49 error argv "C:\\Program Files\\nodejs\\node.exe" "C:\\Program Files\\nodejs\\node_modules\\npm\\bin\\npm-cli.js" "publish"
50 error node v7.7.4
51 error npm  v4.1.2
52 error code E403
53 error "You cannot publish over the previously published version 0.0.1." : schemafree
54 error If you need help, you may report this error at:
54 error     <https://github.com/npm/npm/issues>
55 verbose exit [ 1, true ]
